[0.007s] Invoking command in '/home/ansh/dev_ws/build/my_bot': CMAKE_PREFIX_PATH=/opt/ros/foxy /usr/bin/cmake /home/ansh/dev_ws/src/my_bot -DAMENT_CMAKE_SYMLINK_INSTALL=1 -DCMAKE_INSTALL_PREFIX=/home/ansh/dev_ws/install/my_bot
[0.048s] -- The C compiler identification is GNU 9.4.0
[0.089s] -- The CXX compiler identification is GNU 9.4.0
[0.092s] -- Check for working C compiler: /usr/bin/cc
[0.138s] -- Check for working C compiler: /usr/bin/cc -- works
[0.138s] -- Detecting C compiler ABI info
[0.191s] -- Detecting C compiler ABI info - done
[0.198s] -- Detecting C compile features
[0.198s] -- Detecting C compile features - done
[0.200s] -- Check for working CXX compiler: /usr/bin/c++
[0.249s] -- Check for working CXX compiler: /usr/bin/c++ -- works
[0.250s] -- Detecting CXX compiler ABI info
[0.311s] -- Detecting CXX compiler ABI info - done
[0.319s] -- Detecting CXX compile features
[0.320s] -- Detecting CXX compile features - done
[0.321s] -- Found ament_cmake: 0.9.12 (/opt/ros/foxy/share/ament_cmake/cmake)
[0.339s] -- Found PythonInterp: /usr/bin/python3 (found suitable version "3.8.10", minimum required is "3") 
[0.339s] -- Using PYTHON_EXECUTABLE: /usr/bin/python3
[0.441s] -- Override CMake install command with custom implementation using symlinks instead of copying resources
[0.458s] -- Found ament_lint_auto: 0.9.8 (/opt/ros/foxy/share/ament_lint_auto/cmake)
[0.505s] -- Added test 'copyright' to check source files copyright and LICENSE
[0.509s] -- Added test 'flake8' to check Python code syntax and style conventions
[0.509s] -- Added test 'lint_cmake' to check CMake code style
[0.510s] -- Added test 'pep257' to check Python code against some of the style conventions in PEP 257
[0.512s] -- Added test 'xmllint' to check XML markup files
[0.513s] -- Configuring done
[0.514s] -- Generating done
[0.514s] -- Build files have been written to: /home/ansh/dev_ws/build/my_bot
[0.520s] Invoked command in '/home/ansh/dev_ws/build/my_bot' returned '0': CMAKE_PREFIX_PATH=/opt/ros/foxy /usr/bin/cmake /home/ansh/dev_ws/src/my_bot -DAMENT_CMAKE_SYMLINK_INSTALL=1 -DCMAKE_INSTALL_PREFIX=/home/ansh/dev_ws/install/my_bot
[0.520s] Invoking command in '/home/ansh/dev_ws/build/my_bot': CMAKE_PREFIX_PATH=/opt/ros/foxy /usr/bin/cmake --build /home/ansh/dev_ws/build/my_bot -- -j16 -l16
[0.544s] Invoked command in '/home/ansh/dev_ws/build/my_bot' returned '0': CMAKE_PREFIX_PATH=/opt/ros/foxy /usr/bin/cmake --build /home/ansh/dev_ws/build/my_bot -- -j16 -l16
[0.552s] Invoking command in '/home/ansh/dev_ws/build/my_bot': CMAKE_PREFIX_PATH=/opt/ros/foxy /usr/bin/cmake --install /home/ansh/dev_ws/build/my_bot
[0.561s] -- Install configuration: ""
[0.562s] -- Execute custom install script
[0.562s] -- Symlinking: /home/ansh/dev_ws/install/my_bot/share/my_bot/config/empty.yaml
[0.569s] -- Symlinking: /home/ansh/dev_ws/install/my_bot/share/my_bot/description/robot.urdf.xacro
[0.575s] -- Symlinking: /home/ansh/dev_ws/install/my_bot/share/my_bot/launch/rsp.launch.py
[0.581s] -- Symlinking: /home/ansh/dev_ws/install/my_bot/share/my_bot/worlds/empty.world
[0.589s] -- Symlinking: /home/ansh/dev_ws/install/my_bot/share/ament_index/resource_index/package_run_dependencies/my_bot
[0.598s] -- Symlinking: /home/ansh/dev_ws/install/my_bot/share/ament_index/resource_index/parent_prefix_path/my_bot
[0.605s] -- Symlinking: /home/ansh/dev_ws/install/my_bot/share/my_bot/environment/ament_prefix_path.sh
[0.611s] -- Symlinking: /home/ansh/dev_ws/install/my_bot/share/my_bot/environment/ament_prefix_path.dsv
[0.619s] -- Symlinking: /home/ansh/dev_ws/install/my_bot/share/my_bot/environment/path.sh
[0.626s] -- Symlinking: /home/ansh/dev_ws/install/my_bot/share/my_bot/environment/path.dsv
[0.632s] -- Symlinking: /home/ansh/dev_ws/install/my_bot/share/my_bot/local_setup.bash
[0.637s] -- Symlinking: /home/ansh/dev_ws/install/my_bot/share/my_bot/local_setup.sh
[0.641s] -- Symlinking: /home/ansh/dev_ws/install/my_bot/share/my_bot/local_setup.zsh
[0.646s] -- Symlinking: /home/ansh/dev_ws/install/my_bot/share/my_bot/local_setup.dsv
[0.651s] -- Symlinking: /home/ansh/dev_ws/install/my_bot/share/my_bot/package.dsv
[0.656s] -- Symlinking: /home/ansh/dev_ws/install/my_bot/share/ament_index/resource_index/packages/my_bot
[0.661s] -- Symlinking: /home/ansh/dev_ws/install/my_bot/share/my_bot/cmake/my_botConfig.cmake
[0.665s] -- Symlinking: /home/ansh/dev_ws/install/my_bot/share/my_bot/cmake/my_botConfig-version.cmake
[0.670s] -- Symlinking: /home/ansh/dev_ws/install/my_bot/share/my_bot/package.xml
[0.676s] Invoked command in '/home/ansh/dev_ws/build/my_bot' returned '0': CMAKE_PREFIX_PATH=/opt/ros/foxy /usr/bin/cmake --install /home/ansh/dev_ws/build/my_bot
